<?xml version="1.0" encoding="UTF-8"?>
<!-- Generated by org.testng.reporters.JUnitXMLReporter -->
<testsuite ignored="0" hostname="DESKTOP-EQ1TCP1" failures="0" tests="4" name="Facebook Regression Test Cases2" time="112.058" errors="0" timestamp="2022-03-18T19:38:19 IST">
  <testcase classname="com.bridgelabz.LoginTest" name="liginTest" time="61.793"/>
  <testcase classname="com.bridgelabz.LoginTest" name="liginTest" time="62.235"/>
  <testcase classname="com.bridgelabz.LoginTest" name="signUpTest" time="49.12"/>
  <testcase classname="com.bridgelabz.LoginTest" name="signUpTest" time="49.96"/>
</testsuite> <!-- Facebook Regression Test Cases2 -->
