<?xml version="1.0" encoding="UTF-8"?>
<!-- Generated by org.testng.reporters.JUnitXMLReporter -->
<testsuite ignored="1" hostname="DESKTOP-EQ1TCP1" failures="0" tests="1" name="Default test" time="178.107" errors="0" timestamp="2022-03-19T09:18:46 IST">
  <testcase classname="com.bridgelabz.LoginTest" name="liginTest" time="176.541"/>
  <testcase classname="com.bridgelabz.LoginTest" name="signUpTest" time="0.0">
    <ignored/>
  </testcase> <!-- signUpTest -->
</testsuite> <!-- Default test -->
