<?xml version="1.0" encoding="UTF-8"?>
<testng-results ignored="1" total="2" passed="1" failed="0" skipped="0">
  <reporter-output>
  </reporter-output>
  <suite started-at="2022-03-21T11:19:02 IST" name="Default suite" finished-at="2022-03-21T11:20:21 IST" duration-ms="79524">
    <groups>
    </groups>
    <test started-at="2022-03-21T11:19:02 IST" name="Default test" finished-at="2022-03-21T11:20:21 IST" duration-ms="79524">
      <class name="com.bridgelabz.LoginTest">
        <test-method signature="loginTest()[pri:0, instance:com.bridgelabz.LoginTest@60704c]" started-at="2022-03-21T11:19:02 IST" name="loginTest" finished-at="2022-03-21T11:20:21 IST" duration-ms="79239" status="PASS">
          <reporter-output>
          </reporter-output>
        </test-method> <!-- loginTest -->
      </class> <!-- com.bridgelabz.LoginTest -->
    </test> <!-- Default test -->
  </suite> <!-- Default suite -->
</testng-results>
