<?xml version="1.0" encoding="UTF-8"?>
<testng-results ignored="1" total="2" passed="1" failed="0" skipped="0">
  <reporter-output>
  </reporter-output>
  <suite started-at="2022-03-19T09:15:47 IST" name="Default suite" finished-at="2022-03-19T09:18:46 IST" duration-ms="178107">
    <groups>
    </groups>
    <test started-at="2022-03-19T09:15:47 IST" name="Default test" finished-at="2022-03-19T09:18:46 IST" duration-ms="178107">
      <class name="com.bridgelabz.LoginTest">
        <test-method signature="liginTest()[pri:0, instance:com.bridgelabz.LoginTest@60704c]" started-at="2022-03-19T09:15:49 IST" name="liginTest" finished-at="2022-03-19T09:18:45 IST" duration-ms="176541" status="PASS">
          <reporter-output>
          </reporter-output>
        </test-method> <!-- liginTest -->
      </class> <!-- com.bridgelabz.LoginTest -->
    </test> <!-- Default test -->
  </suite> <!-- Default suite -->
</testng-results>
